Arguments: 
  C:\dev\src\impots-rapido\frontend\target\node\node.exe C:\dev\src\impots-rapido\frontend\target\node\yarn\dist\bin\yarn.js install

PATH: 
  C:\dev\src\impots-rapido\frontend\target\node\yarn\dist\bin;C:\dev\src\impots-rapido\frontend\target\node;C:\dev\app\cmder\bin;C:\dev\app\cmder\vendor\bin;C:\dev\app\cmder\vendor\conemu-maximus5\ConEmu\Scripts;C:\dev\app\cmder\vendor\conemu-maximus5;C:\dev\app\cmder\vendor\conemu-maximus5\ConEmu;C:\Program Files\AdoptOpenJDK\jdk-11.0.7.10-hotspot\bin;C:\Program Files\AdoptOpenJDK\jdk-8.0.252.09-hotspot\bin;C:\Program Files (x86)\AdoptOpenJDK\jdk-8.0.252.09-hotspot\bin;C:\Windows\system32;C:\Windows;C:\Windows\System32\Wbem;C:\Windows\System32\WindowsPowerShell\v1.0\;C:\Windows\System32\OpenSSH\;C:\Program Files\PuTTY\;C:\Program Files\Microsoft VS Code\bin;C:\HashiCorp\Vagrant\bin;C:\Program Files\Git\cmd;C:\Program Files\nodejs\;C:\Users\Dell\AppData\Local\Microsoft\WindowsApps;C:\Program Files\JetBrains\IntelliJ IDEA Community Edition 2020.1.1\bin;C:\dev\app\fossil;C:\dev\app\cmder;C:\Users\Dell\AppData\Roaming\npm;C:\dev\app\apache-maven-3.6.3\bin;C:\Program Files\Git\mingw64\bin;C:\Program Files\Git\usr\bin;C:\dev\app\cmder\vendor\git-for-windows\cmd;C:\dev\app\cmder\vendor\git-for-windows\mingw64\bin;C:\dev\app\cmder\vendor\git-for-windows\usr\bin;

Yarn version: 
  1.6.0

Node version: 
  8.11.1

Platform: 
  win32 x64

Trace: 
  Error: https://registry.yarnpkg.com/@types/q/-/q-1.5.2.tgz: ENOENT: no such file or directory, open 'C:\Users\Dell\AppData\Local\Yarn\Cache\v1\npm-@types\q-1.5.2-690a1475b84f2a884fd07cd797c00f5f31356ea8\.yarn-tarball.tgz'

npm manifest: 
  {
    "name": "impots-rapido",
    "version": "0.1.0",
    "private": true,
    "scripts": {
      "serve": "vue-cli-service serve",
      "build": "vue-cli-service build",
      "lint": "vue-cli-service lint"
    },
    "dependencies": {
      "core-js": "^3.6.4",
      "vue": "^2.6.11"
    },
    "devDependencies": {
      "@vue/cli-plugin-babel": "~4.3.0",
      "@vue/cli-plugin-eslint": "~4.3.0",
      "@vue/cli-service": "~4.3.0",
      "babel-eslint": "^10.1.0",
      "eslint": "^6.7.2",
      "eslint-plugin-vue": "^6.2.2",
      "vue-template-compiler": "^2.6.11"
    },
    "eslintConfig": {
      "root": true,
      "env": {
        "node": true
      },
      "extends": [
        "plugin:vue/essential",
        "eslint:recommended"
      ],
      "parserOptions": {
        "parser": "babel-eslint"
      },
      "rules": {}
    },
    "browserslist": [
      "> 1%",
      "last 2 versions",
      "not dead"
    ]
  }

yarn manifest: 
  No manifest

Lockfile: 
  No lockfile
